<?xml version="1.0" encoding="UTF-8"?>
<testng-results ignored="6" total="13" passed="6" failed="1" skipped="0">
  <reporter-output>
  </reporter-output>
  <suite started-at="2023-09-25T11:57:58 IST" name="Suite" finished-at="2023-09-25T11:58:36 IST" duration-ms="38493">
    <groups>
    </groups>
    <test started-at="2023-09-25T11:57:58 IST" name="chrome" finished-at="2023-09-25T11:58:36 IST" duration-ms="38493">
      <class name="testPackage.RegisterTest">
        <test-method is-config="true" signature="setup(java.lang.String)[pri:0, instance:testPackage.RegisterTest@3b0fe47a]" started-at="2023-09-25T11:57:58 IST" name="setup" finished-at="2023-09-25T11:58:03 IST" duration-ms="5147" status="PASS">
          <params>
            <param index="0">
              <value>
                <![CDATA[chrome]]>
              </value>
            </param>
          </params>
          <reporter-output>
          </reporter-output>
        </test-method> <!-- setup -->
        <test-method signature="RegistrationTest(java.lang.String,java.lang.String,java.lang.String,java.lang.String,java.lang.String)[pri:0, instance:testPackage.RegisterTest@3b0fe47a]" started-at="2023-09-25T11:58:03 IST" name="RegistrationTest" finished-at="2023-09-25T11:58:05 IST" duration-ms="2473" status="PASS">
          <params>
            <param index="0">
              <value>
                <![CDATA[Shahana Shirin]]>
              </value>
            </param>
            <param index="1">
              <value>
                <![CDATA[K]]>
              </value>
            </param>
            <param index="2">
              <value>
                <![CDATA[7902767576]]>
              </value>
            </param>
            <param index="3">
              <value>
                <![CDATA[123456]]>
              </value>
            </param>
            <param index="4">
              <value>
                <![CDATA[123456]]>
              </value>
            </param>
          </params>
          <reporter-output>
          </reporter-output>
        </test-method> <!-- RegistrationTest -->
      </class> <!-- testPackage.RegisterTest -->
      <class name="testPackage.AddToCartTest">
        <test-method signature="AddtoCartTest(java.lang.String)[pri:0, instance:testPackage.AddToCartTest@19e4653c]" started-at="2023-09-25T11:58:16 IST" name="AddtoCartTest" finished-at="2023-09-25T11:58:21 IST" duration-ms="5324" status="PASS">
          <params>
            <param index="0">
              <value>
                <![CDATA[123456789]]>
              </value>
            </param>
          </params>
          <reporter-output>
          </reporter-output>
        </test-method> <!-- AddtoCartTest -->
      </class> <!-- testPackage.AddToCartTest -->
      <class name="testPackage.CheckoutTest">
        <test-method signature="checkout()[pri:0, instance:testPackage.CheckoutTest@53045c6c]" started-at="2023-09-25T11:58:28 IST" name="checkout" finished-at="2023-09-25T11:58:36 IST" duration-ms="7824" status="FAIL">
          <exception class="org.openqa.selenium.NoSuchElementException">
            <message>
              <![CDATA[Unable to find element with locator By.id: input-payment-firstname
For documentation on this error, please visit: https://www.selenium.dev/documentation/webdriver/troubleshooting/errors#no-such-element-exception
Build info: version: '4.11.0', revision: '040bc5406b'
System info: os.name: 'Windows 11', os.arch: 'amd64', os.version: '10.0', java.version: '17.0.7'
Driver info: driver.version: RemoteWebDriver]]>
            </message>
            <full-stacktrace>
              <![CDATA[org.openqa.selenium.NoSuchElementException: Unable to find element with locator By.id: input-payment-firstname
For documentation on this error, please visit: https://www.selenium.dev/documentation/webdriver/troubleshooting/errors#no-such-element-exception
Build info: version: '4.11.0', revision: '040bc5406b'
System info: os.name: 'Windows 11', os.arch: 'amd64', os.version: '10.0', java.version: '17.0.7'
Driver info: driver.version: RemoteWebDriver
at org.openqa.selenium.remote.ElementLocation$ElementFinder$2.findElement(ElementLocation.java:168)
at org.openqa.selenium.remote.ElementLocation.findElement(ElementLocation.java:59)
at org.openqa.selenium.remote.RemoteWebDriver.findElement(RemoteWebDriver.java:355)
at org.openqa.selenium.remote.RemoteWebDriver.findElement(RemoteWebDriver.java:349)
at org.openqa.selenium.support.pagefactory.DefaultElementLocator.findElement(DefaultElementLocator.java:68)
at org.openqa.selenium.support.pagefactory.internal.LocatingElementHandler.invoke(LocatingElementHandler.java:38)
at jdk.proxy2/jdk.proxy2.$Proxy16.sendKeys(Unknown Source)
at pagePackage.CheckoutPage.billingDetails(CheckoutPage.java:91)
at testPackage.CheckoutTest.checkout(CheckoutTest.java:16)
at java.base/jdk.internal.reflect.NativeMethodAccessorImpl.invoke0(Native Method)
at java.base/jdk.internal.reflect.NativeMethodAccessorImpl.invoke(NativeMethodAccessorImpl.java:77)
at java.base/jdk.internal.reflect.DelegatingMethodAccessorImpl.invoke(DelegatingMethodAccessorImpl.java:43)
at java.base/java.lang.reflect.Method.invoke(Method.java:568)
at org.testng.internal.invokers.MethodInvocationHelper.invokeMethod(MethodInvocationHelper.java:139)
at org.testng.internal.invokers.TestInvoker.invokeMethod(TestInvoker.java:677)
at org.testng.internal.invokers.TestInvoker.invokeTestMethod(TestInvoker.java:221)
at org.testng.internal.invokers.MethodRunner.runInSequence(MethodRunner.java:50)
at org.testng.internal.invokers.TestInvoker$MethodInvocationAgent.invoke(TestInvoker.java:969)
at org.testng.internal.invokers.TestInvoker.invokeTestMethods(TestInvoker.java:194)
at org.testng.internal.invokers.TestMethodWorker.invokeTestMethods(TestMethodWorker.java:148)
at org.testng.internal.invokers.TestMethodWorker.run(TestMethodWorker.java:128)
at java.base/java.util.ArrayList.forEach(ArrayList.java:1511)
at org.testng.TestRunner.privateRun(TestRunner.java:829)
at org.testng.TestRunner.run(TestRunner.java:602)
at org.testng.SuiteRunner.runTest(SuiteRunner.java:437)
at org.testng.SuiteRunner.runSequentially(SuiteRunner.java:431)
at org.testng.SuiteRunner.privateRun(SuiteRunner.java:391)
at org.testng.SuiteRunner.run(SuiteRunner.java:330)
at org.testng.SuiteRunnerWorker.runSuite(SuiteRunnerWorker.java:52)
at org.testng.SuiteRunnerWorker.run(SuiteRunnerWorker.java:95)
at org.testng.TestNG.runSuitesSequentially(TestNG.java:1256)
at org.testng.TestNG.runSuitesLocally(TestNG.java:1176)
at org.testng.TestNG.runSuites(TestNG.java:1099)
at org.testng.TestNG.run(TestNG.java:1067)
at org.testng.remote.AbstractRemoteTestNG.run(AbstractRemoteTestNG.java:115)
at org.testng.remote.RemoteTestNG.initAndRun(RemoteTestNG.java:251)
at org.testng.remote.RemoteTestNG.main(RemoteTestNG.java:77)
]]>
            </full-stacktrace>
          </exception> <!-- org.openqa.selenium.NoSuchElementException -->
          <reporter-output>
          </reporter-output>
        </test-method> <!-- checkout -->
      </class> <!-- testPackage.CheckoutTest -->
      <class name="testPackage.ChangePasswordTest">
        <test-method signature="changePassword(java.lang.String,java.lang.String)[pri:0, instance:testPackage.ChangePasswordTest@1cf6d1be]" started-at="2023-09-25T11:58:08 IST" name="changePassword" finished-at="2023-09-25T11:58:13 IST" duration-ms="4657" status="PASS">
          <params>
            <param index="0">
              <value>
                <![CDATA[123456789]]>
              </value>
            </param>
            <param index="1">
              <value>
                <![CDATA[123456]]>
              </value>
            </param>
          </params>
          <reporter-output>
          </reporter-output>
        </test-method> <!-- changePassword -->
      </class> <!-- testPackage.ChangePasswordTest -->
      <class name="testPackage.LoginTest">
        <test-method signature="login(java.lang.String)[pri:0, instance:testPackage.LoginTest@74e28667]" started-at="2023-09-25T11:58:05 IST" name="login" finished-at="2023-09-25T11:58:08 IST" duration-ms="2434" status="PASS">
          <params>
            <param index="0">
              <value>
                <![CDATA[123456]]>
              </value>
            </param>
          </params>
          <reporter-output>
          </reporter-output>
        </test-method> <!-- login -->
      </class> <!-- testPackage.LoginTest -->
      <class name="testPackage.CartTest">
        <test-method signature="ckeckOutTest()[pri:0, instance:testPackage.CartTest@795509d9]" started-at="2023-09-25T11:58:21 IST" name="ckeckOutTest" finished-at="2023-09-25T11:58:28 IST" duration-ms="7338" status="PASS">
          <reporter-output>
          </reporter-output>
        </test-method> <!-- ckeckOutTest -->
      </class> <!-- testPackage.CartTest -->
      <class name="testPackage.ForgotPasswordTest">
        <test-method signature="forgotPasswordTest()[pri:0, instance:testPackage.ForgotPasswordTest@663c9e7a]" started-at="2023-09-25T11:58:13 IST" name="forgotPasswordTest" finished-at="2023-09-25T11:58:16 IST" duration-ms="3199" status="PASS">
          <reporter-output>
          </reporter-output>
        </test-method> <!-- forgotPasswordTest -->
      </class> <!-- testPackage.ForgotPasswordTest -->
    </test> <!-- chrome -->
  </suite> <!-- Suite -->
</testng-results>
